<?xml version="1.0" encoding="UTF-8"?>
<testng-results skipped="0" failed="0" total="1" passed="1">
  <reporter-output>
  </reporter-output>
  <suite name="Default suite" duration-ms="193864" started-at="2017-02-08T19:20:34Z" finished-at="2017-02-08T19:23:48Z">
    <groups>
    </groups>
    <test name="Default test" duration-ms="193864" started-at="2017-02-08T19:20:34Z" finished-at="2017-02-08T19:23:48Z">
      <class name="MobileAuto.Automation.Test1">
        <test-method status="PASS" signature="StartServerTest()[pri:0, instance:MobileAuto.Automation.Test1@26653222]" name="StartServerTest" duration-ms="193815" started-at="2017-02-09T00:50:34Z" finished-at="2017-02-09T00:53:48Z">
          <reporter-output>
          </reporter-output>
        </test-method> <!-- StartServerTest -->
      </class> <!-- MobileAuto.Automation.Test1 -->
    </test> <!-- Default test -->
  </suite> <!-- Default suite -->
</testng-results>
